<?xml version="1.0" encoding="UTF-8"?>
<testng-results skipped="0" failed="0" total="2" passed="2">
  <reporter-output>
  </reporter-output>
  <suite name="Default suite" duration-ms="102266" started-at="2021-02-24T06:04:31Z" finished-at="2021-02-24T06:06:13Z">
    <groups>
    </groups>
    <test name="Default test" duration-ms="102266" started-at="2021-02-24T06:04:31Z" finished-at="2021-02-24T06:06:13Z">
      <class name="day2.NewTest">
        <test-method status="PASS" signature="beforeClass()[pri:0, instance:day2.NewTest@36f6e879]" name="beforeClass" is-config="true" duration-ms="43154" started-at="2021-02-24T11:34:31Z" finished-at="2021-02-24T11:35:14Z">
          <reporter-output>
          </reporter-output>
        </test-method> <!-- beforeClass -->
        <test-method status="PASS" signature="login()[pri:0, instance:day2.NewTest@36f6e879]" name="login" duration-ms="27866" started-at="2021-02-24T11:35:14Z" finished-at="2021-02-24T11:35:42Z">
          <reporter-output>
          </reporter-output>
        </test-method> <!-- login -->
        <test-method status="PASS" signature="Camera()[pri:0, instance:day2.NewTest@36f6e879]" name="Camera" duration-ms="23911" started-at="2021-02-24T11:35:42Z" finished-at="2021-02-24T11:36:06Z">
          <reporter-output>
          </reporter-output>
        </test-method> <!-- Camera -->
        <test-method status="PASS" signature="afterClass()[pri:0, instance:day2.NewTest@36f6e879]" name="afterClass" is-config="true" duration-ms="6758" started-at="2021-02-24T11:36:06Z" finished-at="2021-02-24T11:36:13Z">
          <reporter-output>
          </reporter-output>
        </test-method> <!-- afterClass -->
      </class> <!-- day2.NewTest -->
    </test> <!-- Default test -->
  </suite> <!-- Default suite -->
</testng-results>
